[     156ms] [INFO] %c NEERSLAG-CARD %c 2024.05.05.0 Color: white; font-weight: bold; background: red;  @ https://ha.madebysteven.nl/neerslag-card.js:99
[     173ms] TypeError: Cannot convert undefined or null to object
    at Object.getPrototypeOf (<anonymous>)
    at https://ha.madebysteven.nl/temperature_comparison/temperature-comparison-card.js:1:27
[     718ms] Transition was skipped
[     760ms] [ERROR] Failed to load resource: the server responded with a status of 404 () @ https://ha.madebysteven.nl/webrtc/webrtc-camera.js?v=v3.6.0:0
[     761ms] [ERROR] Failed to load resource: the server responded with a status of 404 () @ https://ha.madebysteven.nl/hacsfiles/sdejong/changedetection-list-card.js?v=1:0
[     764ms] [LOG] Readme: https://github.com/thomasloven/lovelace-auto-entities @ https://ha.madebysteven.nl/local/lovelace-auto-entities/auto-entities.js:171
[     768ms] [ERROR] Failed to load resource: the server responded with a status of 404 () @ https://ha.madebysteven.nl/hacsfiles/sdejong/temperature-comparison-card.js?v=2:0
[     787ms] /ha.madebysteven.nl/webrtc/webrtc-camera.js?v=v3.6.0
[     788ms] /ha.madebysteven.nl/hacsfiles/sdejong/changedetection-list-card.js?v=1
[     781ms] [INFO] %c MINI-GRAPH-CARD %c 0.10.0  color: white; background: coral; font-weight: 700; color: coral; background: white; font-weight: 700; @ https://ha.madebysteven.nl/local/mini-graph-card/mini-graph-card-bundle.js:0
[     789ms] /ha.madebysteven.nl/hacsfiles/sdejong/temperature-comparison-card.js?v=2
[     791ms] [INFO] %cCARD-MOD 3.1.4 IS INSTALLED color: green; font-weight: bold @ https://ha.madebysteven.nl/local/lovelace-card-mod/card-mod.js:4
[     791ms] [INFO] You may not be getting optimal performance out of card-mod.
See https://github.com/thomasloven/lovelace-card-mod#performance-improvements @ https://ha.madebysteven.nl/local/lovelace-card-mod/card-mod.js:4
[     801ms] ReferenceError: Polymer is not defined
    at https://ha.madebysteven.nl/local/lovelace-toggle-lock-entity-row/toggle-lock-entity-row.js:1:35
[     806ms] [INFO] %c BUTTON-CARD %c v7.0.1  color: orange; font-weight: bold; background: black color: white; font-weight: bold; background: dimgray @ https://ha.madebysteven.nl/hacsfiles/button-card/button-card.js?hacstag=146194325701:49
[     824ms] [INFO] %c VACUUM-CARD %c 2.12.0 color: white; background: blue; font-weight: 700; color: blue; background: white; font-weight: 700; @ https://ha.madebysteven.nl/hacsfiles/vacuum-card/vacuum-card.js?hacstag=2612912952120:3
[     835ms] [INFO] %c uptime-card 
   0.16.0     color: white; background-color: #C6B145; font-weight: 700; @ https://ha.madebysteven.nl/hacsfiles/uptime-card/uptime-card.js?hacstag=3505098670160:447
[     836ms] [LOG] %cvertical-stack-in-card
%cVersion: 0.4.4 color: #1976d2; font-weight: bold;  @ https://ha.madebysteven.nl/local/vertical-stack-in-card.js?v=0.4.4:0
[     908ms] [INFO] %c APEXCHARTS-CARD %c v2.2.3  color: orange; font-weight: bold; background: black color: white; font-weight: bold; background: dimgray @ https://ha.madebysteven.nl/hacsfiles/apexcharts-card/apexcharts-card.js?hacstag=331701152223:949
[     915ms] [LOG] Readme: https://github.com/thomasloven/lovelace-layout-card @ https://ha.madebysteven.nl/hacsfiles/lovelace-layout-card/layout-card.js?hacstag=156434866247:0
[     916ms] [INFO] branch   : main @ https://ha.madebysteven.nl/hacsfiles/lovelace-paper-buttons-row/paper-buttons-row.js?hacstag=244872232231:1235
[     916ms] [INFO] commit   : 09d134f9bfdaaad7a3868544fcb2b84aefcb8706 @ https://ha.madebysteven.nl/hacsfiles/lovelace-paper-buttons-row/paper-buttons-row.js?hacstag=244872232231:1236
[     916ms] [INFO] built at : 2025-08-04T10:53:03.868Z @ https://ha.madebysteven.nl/hacsfiles/lovelace-paper-buttons-row/paper-buttons-row.js?hacstag=244872232231:1237
[     916ms] [INFO] https://github.com/jcwillox/lovelace-paper-buttons-row @ https://ha.madebysteven.nl/hacsfiles/lovelace-paper-buttons-row/paper-buttons-row.js?hacstag=244872232231:1238
[     922ms] [INFO] %c PURIFIER-CARD %c 2.8.0  color: white; background: blue; font-weight: 700; color: blue; background: white; font-weight: 700; @ https://ha.madebysteven.nl/hacsfiles/purifier-card/purifier-card.js?hacstag=274738925280:3
[     924ms] [INFO] %c  AIR-VISUAL-CARD  
%c  Version 2.0.4 color: orange; font-weight: bold; background: black color: white; font-weight: bold; background: dimgray @ https://ha.madebysteven.nl/hacsfiles/air-visual-card/air-visual-card.js?hacstag=157674859205:3
[     944ms] [INFO] %c🍄 Mushroom 🍄 - 5.1.1 color: #ef5350; font-weight: 700; @ https://ha.madebysteven.nl/hacsfiles/lovelace-mushroom/mushroom.js?hacstag=444350375511:60
[     952ms] [INFO] %c FLEX-TABLE-CARD %c Version 1.3.0  font-weight: bold; color: #000; background: #aeb font-weight: bold; color: #000; background: #ddd @ https://ha.madebysteven.nl/hacsfiles/flex-table-card/flex-table-card.js?hacstag=15629205813:1520
[     957ms] DOMException: Failed to execute 'define' on 'CustomElementRegistry': the name "auto-entities-editor" has already been used with this registry
    at S.define (https://ha.madebysteven.nl/frontend_latest/app.ed71fe63a78d2afa.js:2:6353)
    at https://ha.madebysteven.nl/hacsfiles/lovelace-auto-entities/auto-entities.js?hacstag=1677445841161:1:83539
[    1299ms] [INFO] %c PLOTLY-GRAPH %c 3.3.5 production color: orange; font-weight: bold; background: black color: white; font-weight: bold; background: dimgray @ https://ha.madebysteven.nl/hacsfiles/lovelace-plotly-graph-card/plotly-graph-card.js?hacstag=413812496335:2227
[    1308ms] [INFO] %c FLOWER-CARD %c 2026.2.0 color: cyan; background: black; font-weight: bold; color: darkblue; background: white; font-weight: bold; @ https://ha.madebysteven.nl/hacsfiles/lovelace-flower-card/flower-card.js?hacstag=297423025202620:1
[    1311ms] [INFO] %cTEMPLATE-ENTITY-ROW 1.4.1 IS INSTALLED color: green; font-weight: bold  @ https://ha.madebysteven.nl/hacsfiles/lovelace-template-entity-row/template-entity-row.js?hacstag=231674882141:0
[    1316ms] [INFO] %c  BetterThermostatUI-CARD 
%c  version: 2.2.0     color: orange; font-weight: bold; background: black color: white; font-weight: bold; background: dimgray @ https://ha.madebysteven.nl/hacsfiles/better-thermostat-ui-card/better-thermostat-ui-card.js?hacstag=439367892221:406
[    1346ms] [INFO] %c Bubble Card %c v3.1.6  background-color: #555;color: #fff;padding: 3px 2px 3px 3px;border-radius: 14px 0 0 14px;font-family: DejaVu Sans,Verdana,Geneva,sans-serif;text-shadow: 0 1px 0 rgba(1, 1, 1, 0.3) background-color: #506eac;color: #fff;padding: 3px 3px 3px 2px;border-radius: 0 14px 14px 0;font-family: DejaVu Sans,Verdana,Geneva,sans-serif;text-shadow: 0 1px 0 rgba(1, 1, 1, 0.3) @ https://ha.madebysteven.nl/hacsfiles/Bubble-Card/bubble-card.js?hacstag=680112919316:3672
[    1365ms] [INFO] A custom Lovelace card for Home Assistant to display RSS feed items in an accordion style. @ https://ha.madebysteven.nl/hacsfiles/lovelace-rss-accordion/rss-accordion.js?hacstag=1040230985081:0
[    1365ms] [INFO] Github:  https://github.com/timmaurice/lovelace-rss-accordion.git @ https://ha.madebysteven.nl/hacsfiles/lovelace-rss-accordion/rss-accordion.js?hacstag=1040230985081:0
[    1365ms] [INFO] Sponsor: https://buymeacoffee.com/timmaurice @ https://ha.madebysteven.nl/hacsfiles/lovelace-rss-accordion/rss-accordion.js?hacstag=1040230985081:0
[    1367ms] [WARNING] The main 'lit-element' module entrypoint is deprecated. Please update your imports to use the 'lit' package: 'lit' and 'lit/decorators.ts' or import from 'lit-element/lit-element.ts'. See https://lit.dev/msg/deprecated-import-path for more information. @ https://ha.madebysteven.nl/hacsfiles/config-template-card/config-template-card.js?hacstag=172177543136:328
[    1368ms] [INFO] %c  CONFIG-TEMPLATE-CARD  
%c  Version 1.3.6          color: orange; font-weight: bold; background: black color: white; font-weight: bold; background: dimgray @ https://ha.madebysteven.nl/hacsfiles/config-template-card/config-template-card.js?hacstag=172177543136:734
[    1369ms] [INFO] %c TIMER-BAR-CARD %c Version 1.31.0  font-weight: bold; color: #000; background: #aeb font-weight: bold; color: #000; background: #ddd @ https://ha.madebysteven.nl/hacsfiles/timer-bar-card/timer-bar-card.js?hacstag=3769045171311:589
[    1412ms] [ERROR] Failure writing unhandled promise rejection to system log: Error: Cannot parse given Error object
    at Object.parse (https://ha.madebysteven.nl/frontend_latest/44456.ae8305aa7deaa159.js:1:478)
    at https://ha.madebysteven.nl/frontend_latest/44456.ae8305aa7deaa159.js:1:27684
    at new Promise (<anonymous>)
    at fromError (https://ha.madebysteven.nl/frontend_latest/44456.ae8305aa7deaa159.js:1:27650)
    at c (https://ha.madebysteven.nl/frontend_latest/29090.ac89660fba9de52e.js:1:998)
    at https://ha.madebysteven.nl/frontend_latest/app.ed71fe63a78d2afa.js:61:18667 @ https://ha.madebysteven.nl/frontend_latest/app.ed71fe63a78d2afa.js:60
[    1495ms] [LOG] Github repository: https://github.com/alex-jung/ha-departures-card @ https://ha.madebysteven.nl/hacsfiles/ha-departures-card/ha-departures-card.js?hacstag=891711480380:1068
[    1520ms] [INFO] %c 📷 Advanced Camera Card %c 7.27.4  padding: 3px; color: black; background: pink; padding: 3px; color: black; background: white; @ https://ha.madebysteven.nl/hacsfiles/advanced-camera-card/card-294f2ffb.js:556
[    1522ms] DOMException: Failed to execute 'define' on 'CustomElementRegistry': the name "focus-trap" has already been used with this registry
    at S.define (https://ha.madebysteven.nl/frontend_latest/app.ed71fe63a78d2afa.js:2:6353)
    at https://ha.madebysteven.nl/hacsfiles/frigate-hass-card/card-1ab50869.js:75:3686
[    1742ms] [ERROR] Failed to load resource: the server responded with a status of 404 () @ https://ha.madebysteven.nl/unknown/node_modules/@webcomponents/scoped-custom-element-registry/src/scoped-custom-element-registry.ts:0
[   26631ms] [INFO] %c NEERSLAG-CARD %c 2024.05.05.0 Color: white; font-weight: bold; background: red;  @ https://ha.madebysteven.nl/neerslag-card.js:99
[   26634ms] TypeError: Cannot convert undefined or null to object
    at Object.getPrototypeOf (<anonymous>)
    at https://ha.madebysteven.nl/temperature_comparison/temperature-comparison-card.js:1:27
[   27161ms] Transition was skipped
[   27224ms] [ERROR] Failed to load resource: the server responded with a status of 404 () @ https://ha.madebysteven.nl/webrtc/webrtc-camera.js?v=v3.6.0:0
[   27259ms] [ERROR] Failed to load resource: the server responded with a status of 404 () @ https://ha.madebysteven.nl/hacsfiles/sdejong/changedetection-list-card.js?v=1:0
[   27260ms] [ERROR] Failed to load resource: the server responded with a status of 404 () @ https://ha.madebysteven.nl/hacsfiles/sdejong/temperature-comparison-card.js?v=2:0
[   27268ms] [LOG] Readme: https://github.com/thomasloven/lovelace-auto-entities @ https://ha.madebysteven.nl/local/lovelace-auto-entities/auto-entities.js:171
[   27268ms] [INFO] %c MINI-GRAPH-CARD %c 0.10.0  color: white; background: coral; font-weight: 700; color: coral; background: white; font-weight: 700; @ https://ha.madebysteven.nl/local/mini-graph-card/mini-graph-card-bundle.js:0
[   27275ms] /ha.madebysteven.nl/webrtc/webrtc-camera.js?v=v3.6.0
[   27275ms] [INFO] %cCARD-MOD 3.1.4 IS INSTALLED color: green; font-weight: bold @ https://ha.madebysteven.nl/local/lovelace-card-mod/card-mod.js:4
[   27276ms] [INFO] You may not be getting optimal performance out of card-mod.
See https://github.com/thomasloven/lovelace-card-mod#performance-improvements @ https://ha.madebysteven.nl/local/lovelace-card-mod/card-mod.js:4
[   27276ms] ReferenceError: Polymer is not defined
    at https://ha.madebysteven.nl/local/lovelace-toggle-lock-entity-row/toggle-lock-entity-row.js:1:35
[   27278ms] [INFO] %c BUTTON-CARD %c v7.0.1  color: orange; font-weight: bold; background: black color: white; font-weight: bold; background: dimgray @ https://ha.madebysteven.nl/hacsfiles/button-card/button-card.js?hacstag=146194325701:49
[   27279ms] [INFO] %c VACUUM-CARD %c 2.12.0 color: white; background: blue; font-weight: 700; color: blue; background: white; font-weight: 700; @ https://ha.madebysteven.nl/hacsfiles/vacuum-card/vacuum-card.js?hacstag=2612912952120:3
[   27281ms] [INFO] %c uptime-card 
   0.16.0     color: white; background-color: #C6B145; font-weight: 700; @ https://ha.madebysteven.nl/hacsfiles/uptime-card/uptime-card.js?hacstag=3505098670160:447
[   27282ms] [LOG] %cvertical-stack-in-card
%cVersion: 0.4.4 color: #1976d2; font-weight: bold;  @ https://ha.madebysteven.nl/local/vertical-stack-in-card.js?v=0.4.4:0
[   27282ms] /ha.madebysteven.nl/hacsfiles/sdejong/changedetection-list-card.js?v=1
[   27283ms] /ha.madebysteven.nl/hacsfiles/sdejong/temperature-comparison-card.js?v=2
[   27325ms] [ERROR] Failure writing unhandled promise rejection to system log: Error: Cannot parse given Error object
    at Object.parse (https://ha.madebysteven.nl/frontend_latest/44456.ae8305aa7deaa159.js:1:478)
    at https://ha.madebysteven.nl/frontend_latest/44456.ae8305aa7deaa159.js:1:27684
    at new Promise (<anonymous>)
    at fromError (https://ha.madebysteven.nl/frontend_latest/44456.ae8305aa7deaa159.js:1:27650)
    at c (https://ha.madebysteven.nl/frontend_latest/29090.ac89660fba9de52e.js:1:998)
    at https://ha.madebysteven.nl/frontend_latest/app.ed71fe63a78d2afa.js:61:18667 @ https://ha.madebysteven.nl/frontend_latest/app.ed71fe63a78d2afa.js:60
[   27344ms] [INFO] %c APEXCHARTS-CARD %c v2.2.3  color: orange; font-weight: bold; background: black color: white; font-weight: bold; background: dimgray @ https://ha.madebysteven.nl/hacsfiles/apexcharts-card/apexcharts-card.js?hacstag=331701152223:949
[   27346ms] [LOG] Readme: https://github.com/thomasloven/lovelace-layout-card @ https://ha.madebysteven.nl/hacsfiles/lovelace-layout-card/layout-card.js?hacstag=156434866247:0
[   27347ms] [INFO] branch   : main @ https://ha.madebysteven.nl/hacsfiles/lovelace-paper-buttons-row/paper-buttons-row.js?hacstag=244872232231:1235
[   27347ms] [INFO] commit   : 09d134f9bfdaaad7a3868544fcb2b84aefcb8706 @ https://ha.madebysteven.nl/hacsfiles/lovelace-paper-buttons-row/paper-buttons-row.js?hacstag=244872232231:1236
[   27347ms] [INFO] built at : 2025-08-04T10:53:03.868Z @ https://ha.madebysteven.nl/hacsfiles/lovelace-paper-buttons-row/paper-buttons-row.js?hacstag=244872232231:1237
[   27347ms] [INFO] https://github.com/jcwillox/lovelace-paper-buttons-row @ https://ha.madebysteven.nl/hacsfiles/lovelace-paper-buttons-row/paper-buttons-row.js?hacstag=244872232231:1238
[   27349ms] [INFO] %c PURIFIER-CARD %c 2.8.0  color: white; background: blue; font-weight: 700; color: blue; background: white; font-weight: 700; @ https://ha.madebysteven.nl/hacsfiles/purifier-card/purifier-card.js?hacstag=274738925280:3
[   27349ms] [INFO] %c  AIR-VISUAL-CARD  
%c  Version 2.0.4 color: orange; font-weight: bold; background: black color: white; font-weight: bold; background: dimgray @ https://ha.madebysteven.nl/hacsfiles/air-visual-card/air-visual-card.js?hacstag=157674859205:3
[   27359ms] [INFO] %c🍄 Mushroom 🍄 - 5.1.1 color: #ef5350; font-weight: 700; @ https://ha.madebysteven.nl/hacsfiles/lovelace-mushroom/mushroom.js?hacstag=444350375511:60
[   27367ms] [INFO] %c FLEX-TABLE-CARD %c Version 1.3.0  font-weight: bold; color: #000; background: #aeb font-weight: bold; color: #000; background: #ddd @ https://ha.madebysteven.nl/hacsfiles/flex-table-card/flex-table-card.js?hacstag=15629205813:1520
[   27369ms] DOMException: Failed to execute 'define' on 'CustomElementRegistry': the name "auto-entities-editor" has already been used with this registry
    at S.define (https://ha.madebysteven.nl/frontend_latest/app.ed71fe63a78d2afa.js:2:6353)
    at https://ha.madebysteven.nl/hacsfiles/lovelace-auto-entities/auto-entities.js?hacstag=1677445841161:1:83539
[   27370ms] [INFO] %c FLOWER-CARD %c 2026.2.0 color: cyan; background: black; font-weight: bold; color: darkblue; background: white; font-weight: bold; @ https://ha.madebysteven.nl/hacsfiles/lovelace-flower-card/flower-card.js?hacstag=297423025202620:1
[   27374ms] [INFO] %cTEMPLATE-ENTITY-ROW 1.4.1 IS INSTALLED color: green; font-weight: bold  @ https://ha.madebysteven.nl/hacsfiles/lovelace-template-entity-row/template-entity-row.js?hacstag=231674882141:0
[   27376ms] [INFO] %c  BetterThermostatUI-CARD 
%c  version: 2.2.0     color: orange; font-weight: bold; background: black color: white; font-weight: bold; background: dimgray @ https://ha.madebysteven.nl/hacsfiles/better-thermostat-ui-card/better-thermostat-ui-card.js?hacstag=439367892221:406
[   27383ms] [INFO] %c Bubble Card %c v3.1.6  background-color: #555;color: #fff;padding: 3px 2px 3px 3px;border-radius: 14px 0 0 14px;font-family: DejaVu Sans,Verdana,Geneva,sans-serif;text-shadow: 0 1px 0 rgba(1, 1, 1, 0.3) background-color: #506eac;color: #fff;padding: 3px 3px 3px 2px;border-radius: 0 14px 14px 0;font-family: DejaVu Sans,Verdana,Geneva,sans-serif;text-shadow: 0 1px 0 rgba(1, 1, 1, 0.3) @ https://ha.madebysteven.nl/hacsfiles/Bubble-Card/bubble-card.js?hacstag=680112919316:3672
[   27385ms] [INFO] A custom Lovelace card for Home Assistant to display RSS feed items in an accordion style. @ https://ha.madebysteven.nl/hacsfiles/lovelace-rss-accordion/rss-accordion.js?hacstag=1040230985081:0
[   27385ms] [INFO] Github:  https://github.com/timmaurice/lovelace-rss-accordion.git @ https://ha.madebysteven.nl/hacsfiles/lovelace-rss-accordion/rss-accordion.js?hacstag=1040230985081:0
[   27385ms] [INFO] Sponsor: https://buymeacoffee.com/timmaurice @ https://ha.madebysteven.nl/hacsfiles/lovelace-rss-accordion/rss-accordion.js?hacstag=1040230985081:0
[   27386ms] [WARNING] The main 'lit-element' module entrypoint is deprecated. Please update your imports to use the 'lit' package: 'lit' and 'lit/decorators.ts' or import from 'lit-element/lit-element.ts'. See https://lit.dev/msg/deprecated-import-path for more information. @ https://ha.madebysteven.nl/hacsfiles/config-template-card/config-template-card.js?hacstag=172177543136:328
[   27386ms] [INFO] %c  CONFIG-TEMPLATE-CARD  
%c  Version 1.3.6          color: orange; font-weight: bold; background: black color: white; font-weight: bold; background: dimgray @ https://ha.madebysteven.nl/hacsfiles/config-template-card/config-template-card.js?hacstag=172177543136:734
[   27387ms] [INFO] %c TIMER-BAR-CARD %c Version 1.31.0  font-weight: bold; color: #000; background: #aeb font-weight: bold; color: #000; background: #ddd @ https://ha.madebysteven.nl/hacsfiles/timer-bar-card/timer-bar-card.js?hacstag=3769045171311:589
[   27397ms] [LOG] Github repository: https://github.com/alex-jung/ha-departures-card @ https://ha.madebysteven.nl/hacsfiles/ha-departures-card/ha-departures-card.js?hacstag=891711480380:1068
[   27445ms] [INFO] %c PLOTLY-GRAPH %c 3.3.5 production color: orange; font-weight: bold; background: black color: white; font-weight: bold; background: dimgray @ https://ha.madebysteven.nl/hacsfiles/lovelace-plotly-graph-card/plotly-graph-card.js?hacstag=413812496335:2227
[   27642ms] [INFO] %c 📷 Advanced Camera Card %c 7.2.1  padding: 3px; color: black; background: pink; padding: 3px; color: black; background: white; @ https://ha.madebysteven.nl/hacsfiles/frigate-hass-card/card-1ab50869.js:602
[   27644ms] DOMException: Failed to execute 'define' on 'CustomElementRegistry': the name "focus-trap" has already been used with this registry
    at S.define (https://ha.madebysteven.nl/frontend_latest/app.ed71fe63a78d2afa.js:2:6353)
    at https://ha.madebysteven.nl/hacsfiles/advanced-camera-card/card-294f2ffb.js:70:3686
[   27753ms] [ERROR] Failed to load resource: the server responded with a status of 404 () @ https://ha.madebysteven.nl/unknown/node_modules/@webcomponents/scoped-custom-element-registry/src/scoped-custom-element-registry.ts:0
[   65017ms] [ERROR] WebSocket connection to 'wss://ha.madebysteven.nl/api/websocket' failed: Error during WebSocket handshake: Unexpected response code: 502 @ https://ha.madebysteven.nl/frontend_latest/core.ff3c881b4abc9af3.js:0
[   66070ms] [ERROR] WebSocket connection to 'wss://ha.madebysteven.nl/api/websocket' failed: Error during WebSocket handshake: Unexpected response code: 502 @ https://ha.madebysteven.nl/frontend_latest/core.ff3c881b4abc9af3.js:0
[   68133ms] [ERROR] WebSocket connection to 'wss://ha.madebysteven.nl/api/websocket' failed: Error during WebSocket handshake: Unexpected response code: 502 @ https://ha.madebysteven.nl/frontend_latest/core.ff3c881b4abc9af3.js:0
[   71204ms] [ERROR] WebSocket connection to 'wss://ha.madebysteven.nl/api/websocket' failed: Error during WebSocket handshake: Unexpected response code: 502 @ https://ha.madebysteven.nl/frontend_latest/core.ff3c881b4abc9af3.js:0
[   75276ms] [ERROR] WebSocket connection to 'wss://ha.madebysteven.nl/api/websocket' failed: Error during WebSocket handshake: Unexpected response code: 502 @ https://ha.madebysteven.nl/frontend_latest/core.ff3c881b4abc9af3.js:0
[   80335ms] [ERROR] WebSocket connection to 'wss://ha.madebysteven.nl/api/websocket' failed: Error during WebSocket handshake: Unexpected response code: 502 @ https://ha.madebysteven.nl/frontend_latest/core.ff3c881b4abc9af3.js:0
[   85391ms] [ERROR] WebSocket connection to 'wss://ha.madebysteven.nl/api/websocket' failed: Error during WebSocket handshake: Unexpected response code: 502 @ https://ha.madebysteven.nl/frontend_latest/core.ff3c881b4abc9af3.js:0
[   91045ms] Object
